<?xml version="1.0" encoding="UTF-8"?>
<!-- Generated by org.testng.reporters.JUnitXMLReporter -->
<testsuite ignored="0" hostname="home-laptop" failures="0" tests="4" name="Default test" time="10.142" errors="0" timestamp="2023-04-30T23:43:26 IST">
  <testcase classname="api.testcases.UserTests" name="Test_addUser" time="4.475"/>
  <testcase classname="api.testcases.UserTests" name="Test_getUser" time="1.32"/>
  <testcase classname="api.testcases.UserTests" name="Test_updateUser" time="1.445"/>
  <testcase classname="api.testcases.UserTests" name="Test_deleteUser" time="1.336"/>
</testsuite> <!-- Default test -->
