<?xml version="1.0" encoding="UTF-8"?>
<!-- Generated by org.testng.reporters.JUnitXMLReporter -->
<testsuite ignored="0" hostname="home-laptop" failures="0" tests="4" name="Store-Test" time="4.604" errors="0" timestamp="2023-05-02T16:24:59 IST">
  <testcase classname="api.testcases.StoreTests" name="Test_addUser" time="1.106"/>
  <testcase classname="api.testcases.StoreTests" name="Test_getPetOrder" time="1.112"/>
  <testcase classname="api.testcases.StoreTests" name="Test_deleteOrder" time="1.182"/>
  <testcase classname="api.testcases.StoreTests" name="Test_getPetInventory" time="1.166"/>
</testsuite> <!-- Store-Test -->
