<?xml version="1.0" encoding="UTF-8"?>
<!-- Generated by org.testng.reporters.JUnitXMLReporter -->
<testsuite ignored="0" hostname="home-laptop" failures="0" tests="4" name="Test" time="10.347" errors="0" timestamp="2023-05-01T15:40:27 IST">
  <testcase classname="api.testcases.UserTests" name="Test_addUser" time="5.531"/>
  <testcase classname="api.testcases.UserTests" name="Test_getUser" time="1.446"/>
  <testcase classname="api.testcases.UserTests" name="Test_updateUser" time="1.32"/>
  <testcase classname="api.testcases.UserTests" name="Test_deleteUser" time="1.238"/>
</testsuite> <!-- Test -->
