<?xml version="1.0" encoding="UTF-8"?>
<!-- Generated by org.testng.reporters.JUnitXMLReporter -->
<testsuite ignored="0" hostname="home-laptop" failures="0" tests="4" name="Test" time="8.899" errors="0" timestamp="2023-04-30T23:52:55 IST">
  <testcase classname="api.testcases.UserTests" name="Test_addUser" time="4.445"/>
  <testcase classname="api.testcases.UserTests" name="Test_getUser" time="1.356"/>
  <testcase classname="api.testcases.UserTests" name="Test_updateUser" time="1.274"/>
  <testcase classname="api.testcases.UserTests" name="Test_deleteUser" time="1.332"/>
</testsuite> <!-- Test -->
