<?xml version="1.0" encoding="UTF-8"?>
<!-- Generated by org.testng.reporters.JUnitXMLReporter -->
<testsuite ignored="0" hostname="home-laptop" failures="0" tests="4" name="User-Test" time="9.73" errors="0" timestamp="2023-05-02T16:24:55 IST">
  <testcase classname="api.testcases.UserTests" name="Test_addUser" time="5.593"/>
  <testcase classname="api.testcases.UserTests" name="Test_getUser" time="1.214"/>
  <testcase classname="api.testcases.UserTests" name="Test_updateUser" time="1.066"/>
  <testcase classname="api.testcases.UserTests" name="Test_deleteUser" time="1.111"/>
</testsuite> <!-- User-Test -->
