<?xml version="1.0" encoding="UTF-8"?>
<!-- Generated by org.testng.reporters.JUnitXMLReporter -->
<testsuite ignored="0" hostname="home-laptop" failures="0" tests="4" name="Store-Test" time="5.305" errors="0" timestamp="2023-05-02T18:26:26 IST">
  <testcase classname="api.testcases.StoreTests" name="Test_OrderPet" time="1.281"/>
  <testcase classname="api.testcases.StoreTests" name="Test_getPetOrder" time="1.286"/>
  <testcase classname="api.testcases.StoreTests" name="Test_deleteOrder" time="1.262"/>
  <testcase classname="api.testcases.StoreTests" name="Test_getPetInventory" time="1.261"/>
</testsuite> <!-- Store-Test -->
