<?xml version="1.0" encoding="UTF-8"?>
<!-- Generated by org.testng.reporters.JUnitXMLReporter -->
<testsuite ignored="0" hostname="home-laptop" failures="0" tests="4" name="User-Test" time="10.466" errors="0" timestamp="2023-05-02T18:26:21 IST">
  <testcase classname="api.testcases.UserTests" name="Test_addUser" time="4.816"/>
  <testcase classname="api.testcases.UserTests" name="Test_getUser" time="1.302"/>
  <testcase classname="api.testcases.UserTests" name="Test_updateUser" time="1.359"/>
  <testcase classname="api.testcases.UserTests" name="Test_deleteUser" time="1.331"/>
</testsuite> <!-- User-Test -->
