<?xml version="1.0" encoding="UTF-8"?>
<testng-results ignored="0" total="4" passed="4" failed="0" skipped="0">
  <reporter-output>
  </reporter-output>
  <suite started-at="2023-04-30T23:57:16 IST" name="Suite" finished-at="2023-04-30T23:57:24 IST" duration-ms="8336">
    <groups>
    </groups>
    <test started-at="2023-04-30T23:57:16 IST" name="Test" finished-at="2023-04-30T23:57:24 IST" duration-ms="8336">
      <class name="api.testcases.UserTests">
        <test-method is-config="true" signature="beforeSuite()[pri:0, instance:api.testcases.UserTests@28eaa59a]" started-at="2023-04-30T23:57:15 IST" name="beforeSuite" finished-at="2023-04-30T23:57:16 IST" duration-ms="483" status="PASS">
          <reporter-output>
          </reporter-output>
        </test-method> <!-- beforeSuite -->
        <test-method is-config="true" signature="setPayload()[pri:0, instance:api.testcases.UserTests@28eaa59a]" started-at="2023-04-30T23:57:16 IST" name="setPayload" finished-at="2023-04-30T23:57:16 IST" duration-ms="415" status="PASS">
          <reporter-output>
          </reporter-output>
        </test-method> <!-- setPayload -->
        <test-method signature="Test_addUser()[pri:0, instance:api.testcases.UserTests@28eaa59a]" started-at="2023-04-30T23:57:16 IST" name="Test_addUser" finished-at="2023-04-30T23:57:21 IST" duration-ms="4444" status="PASS">
          <reporter-output>
          </reporter-output>
        </test-method> <!-- Test_addUser -->
        <test-method signature="Test_getUser()[pri:1, instance:api.testcases.UserTests@28eaa59a]" started-at="2023-04-30T23:57:21 IST" name="Test_getUser" finished-at="2023-04-30T23:57:22 IST" duration-ms="1108" status="PASS">
          <reporter-output>
          </reporter-output>
        </test-method> <!-- Test_getUser -->
        <test-method signature="Test_updateUser()[pri:2, instance:api.testcases.UserTests@28eaa59a]" started-at="2023-04-30T23:57:22 IST" name="Test_updateUser" finished-at="2023-04-30T23:57:23 IST" duration-ms="1138" status="PASS">
          <reporter-output>
          </reporter-output>
        </test-method> <!-- Test_updateUser -->
        <test-method signature="Test_deleteUser()[pri:3, instance:api.testcases.UserTests@28eaa59a]" started-at="2023-04-30T23:57:23 IST" name="Test_deleteUser" finished-at="2023-04-30T23:57:24 IST" duration-ms="1133" status="PASS">
          <reporter-output>
          </reporter-output>
        </test-method> <!-- Test_deleteUser -->
        <test-method is-config="true" signature="afterSuite()[pri:0, instance:api.testcases.UserTests@28eaa59a]" started-at="2023-04-30T23:57:24 IST" name="afterSuite" finished-at="2023-04-30T23:57:25 IST" duration-ms="554" status="PASS">
          <reporter-output>
          </reporter-output>
        </test-method> <!-- afterSuite -->
      </class> <!-- api.testcases.UserTests -->
    </test> <!-- Test -->
  </suite> <!-- Suite -->
</testng-results>
