<?xml version="1.0" encoding="UTF-8"?>
<testsuite xmlns:xsi="http://www.w3.org/2001/XMLSchema-instance" xsi:noNamespaceSchemaLocation="https://maven.apache.org/surefire/maven-surefire-plugin/xsd/surefire-test-report-3.0.xsd" version="3.0" name="TestSuite" time="16.788" tests="8" errors="0" skipped="0" failures="0">
  <properties>
[...]
</properties>
  <testcase name="Test_addUser" classname="api.testcases.UserTests" time="4.841">
    <system-out><![CDATA[HTTP/1.1 200 OK
Date: Tue, 02 May 2023 12:56:17 GMT
Content-Type: application/json
Transfer-Encoding: chunked
Connection: keep-alive
Access-Control-Allow-Origin: *
Access-Control-Allow-Methods: GET, POST, DELETE, PUT
Access-Control-Allow-Headers: Content-Type, api_key, Authorization
Server: Jetty(9.2.9.v20150224)

{
    "code": 200,
    "type": "unknown",
    "message": "1866768727"
}
]]></system-out>
    <system-err><![CDATA[SLF4J: Failed to load class "org.slf4j.impl.StaticLoggerBinder".
SLF4J: Defaulting to no-operation (NOP) logger implementation
SLF4J: See http://www.slf4j.org/codes.html#StaticLoggerBinder for further details.
]]></system-err>
  </testcase>
  <testcase name="Test_getUser" classname="api.testcases.UserTests" time="1.316">
    <system-out><![CDATA[HTTP/1.1 200 OK
Date: Tue, 02 May 2023 12:56:19 GMT
Content-Type: application/json
Transfer-Encoding: chunked
Connection: keep-alive
Access-Control-Allow-Origin: *
Access-Control-Allow-Methods: GET, POST, DELETE, PUT
Access-Control-Allow-Headers: Content-Type, api_key, Authorization
Server: Jetty(9.2.9.v20150224)

{
    "id": 1866768727,
    "username": "wonda.altenwerth",
    "firstName": "Doretha",
    "lastName": "Mohr",
    "email": "carl.abshire@hotmail.com",
    "password": "laird7r6kw0",
    "phone": "938-982-1435",
    "userStatus": 0
}
]]></system-out>
  </testcase>
  <testcase name="Test_updateUser" classname="api.testcases.UserTests" time="1.363">
    <system-out><![CDATA[HTTP/1.1 200 OK
Date: Tue, 02 May 2023 12:56:20 GMT
Content-Type: application/json
Transfer-Encoding: chunked
Connection: keep-alive
Access-Control-Allow-Origin: *
Access-Control-Allow-Methods: GET, POST, DELETE, PUT
Access-Control-Allow-Headers: Content-Type, api_key, Authorization
Server: Jetty(9.2.9.v20150224)

{
    "code": 200,
    "type": "unknown",
    "message": "1866768727"
}
]]></system-out>
  </testcase>
  <testcase name="Test_deleteUser" classname="api.testcases.UserTests" time="1.354">
    <system-out><![CDATA[HTTP/1.1 200 OK
Date: Tue, 02 May 2023 12:56:22 GMT
Content-Type: application/json
Transfer-Encoding: chunked
Connection: keep-alive
Access-Control-Allow-Origin: *
Access-Control-Allow-Methods: GET, POST, DELETE, PUT
Access-Control-Allow-Headers: Content-Type, api_key, Authorization
Server: Jetty(9.2.9.v20150224)

{
    "code": 200,
    "type": "unknown",
    "message": "wonda.altenwerth"
}
]]></system-out>
  </testcase>
  <testcase name="Test_OrderPet" classname="api.testcases.StoreTests" time="1.293">
    <system-out><![CDATA[{
    "id": 2,
    "petId": 2,
    "quantity": 5,
    "shipDate": "2023-05-02T10:47:39.474+0000",
    "status": "placed",
    "complete": true
}
]]></system-out>
  </testcase>
  <testcase name="Test_getPetOrder" classname="api.testcases.StoreTests" time="1.293">
    <system-out><![CDATA[{
    "id": 2,
    "petId": 2,
    "quantity": 5,
    "shipDate": "2023-05-02T10:47:39.474+0000",
    "status": "placed",
    "complete": true
}
]]></system-out>
  </testcase>
  <testcase name="Test_deleteOrder" classname="api.testcases.StoreTests" time="1.264">
    <system-out><![CDATA[{
    "code": 200,
    "type": "unknown",
    "message": "2"
}
]]></system-out>
  </testcase>
  <testcase name="Test_getPetInventory" classname="api.testcases.StoreTests" time="1.263">
    <system-out><![CDATA[{
    "sold": 9,
    "string": 760,
    "good pet": 1,
    "unavailable": 1,
    "do not touch": 1,
    "aec1883a-5dc7-4c54-97f6-0cf11bfb7a5d": 1,
    "pending": 3,
    "available": 205,
    "invalid": 1,
    "peric": 10
}
]]></system-out>
  </testcase>
</testsuite>