<?xml version="1.0" encoding="UTF-8"?>
<testng-results ignored="0" total="4" passed="4" failed="0" skipped="0">
  <reporter-output>
  </reporter-output>
  <suite started-at="2023-04-30T23:52:46 IST" name="Suite" finished-at="2023-04-30T23:52:55 IST" duration-ms="8899">
    <groups>
    </groups>
    <test started-at="2023-04-30T23:52:46 IST" name="Test" finished-at="2023-04-30T23:52:55 IST" duration-ms="8899">
      <class name="api.testcases.UserTests">
        <test-method is-config="true" signature="beforeSuite()[pri:0, instance:api.testcases.UserTests@1d2adfbe]" started-at="2023-04-30T23:52:46 IST" name="beforeSuite" finished-at="2023-04-30T23:52:46 IST" duration-ms="621" status="PASS">
          <reporter-output>
          </reporter-output>
        </test-method> <!-- beforeSuite -->
        <test-method is-config="true" signature="setPayload()[pri:0, instance:api.testcases.UserTests@1d2adfbe]" started-at="2023-04-30T23:52:46 IST" name="setPayload" finished-at="2023-04-30T23:52:47 IST" duration-ms="379" status="PASS">
          <reporter-output>
          </reporter-output>
        </test-method> <!-- setPayload -->
        <test-method signature="Test_addUser()[pri:0, instance:api.testcases.UserTests@1d2adfbe]" started-at="2023-04-30T23:52:47 IST" name="Test_addUser" finished-at="2023-04-30T23:52:51 IST" duration-ms="4445" status="PASS">
          <reporter-output>
          </reporter-output>
        </test-method> <!-- Test_addUser -->
        <test-method signature="Test_getUser()[pri:1, instance:api.testcases.UserTests@1d2adfbe]" started-at="2023-04-30T23:52:51 IST" name="Test_getUser" finished-at="2023-04-30T23:52:53 IST" duration-ms="1356" status="PASS">
          <reporter-output>
          </reporter-output>
        </test-method> <!-- Test_getUser -->
        <test-method signature="Test_updateUser()[pri:2, instance:api.testcases.UserTests@1d2adfbe]" started-at="2023-04-30T23:52:53 IST" name="Test_updateUser" finished-at="2023-04-30T23:52:54 IST" duration-ms="1274" status="PASS">
          <reporter-output>
          </reporter-output>
        </test-method> <!-- Test_updateUser -->
        <test-method signature="Test_deleteUser()[pri:3, instance:api.testcases.UserTests@1d2adfbe]" started-at="2023-04-30T23:52:54 IST" name="Test_deleteUser" finished-at="2023-04-30T23:52:55 IST" duration-ms="1332" status="PASS">
          <reporter-output>
          </reporter-output>
        </test-method> <!-- Test_deleteUser -->
        <test-method is-config="true" signature="afterSuite()[pri:0, instance:api.testcases.UserTests@1d2adfbe]" started-at="2023-04-30T23:52:55 IST" name="afterSuite" finished-at="2023-04-30T23:52:56 IST" duration-ms="537" status="PASS">
          <reporter-output>
          </reporter-output>
        </test-method> <!-- afterSuite -->
      </class> <!-- api.testcases.UserTests -->
    </test> <!-- Test -->
  </suite> <!-- Suite -->
</testng-results>
